  Config.cpp
  EventListener.cpp
  GameData.cpp
  Aimbot.cpp
  AntiAim.cpp
  Backtrack.cpp
  Chams.cpp
  EnginePrediction.cpp
  Glow.cpp
  SkinChanger.cpp
  Sound.cpp
  StreamProofESP.cpp
  Triggerbot.cpp
  Visuals.cpp
  Helpers.cpp
  MinHook.cpp
  VmtHook.cpp
  VmtSwap.cpp
C:\Users\javiw\Documents\GitHub\Horus\Osiris\SDK\Surface.h(42,9): warning C4996: 'Surface::getScreenSize': se declaró desusado (compilando archivo de origen Hacks\Visuals.cpp)
  imguiCustom.cpp
  imgui_freetype.cpp
  imgui_stdlib.cpp
  imgui_tables.cpp
  InputUtil.cpp
  Netvars.cpp
  Osiris.cpp
  GUI.cpp
  Misc.cpp
  Hooks.cpp
  imgui.cpp
  imgui_demo.cpp
  imgui_draw.cpp
  imgui_impl_dx9.cpp
  imgui_impl_win32.cpp
  imgui_widgets.cpp
  Memory.cpp
  Entity.cpp
  GlobalVars.cpp
  KeyValues.cpp
  Utils.cpp
  Texture.cpp
C:\Users\javiw\Documents\GitHub\Horus\Osiris\SDK\Surface.h(42,9): warning C4996: 'Surface::getScreenSize': se declaró desusado (compilando archivo de origen Hooks.cpp)
  autofit.c
  ftbase.c
  ftbitmap.c
  ftdebug.c
  ftglyph.c
  ftinit.c
  ftsynth.c
  ftsystem.c
  cff.c
  psaux.c
  pshinter.c
  psnames.c
  raster.c
  sfnt.c
  smooth.c
  truetype.c
  buffer.c
  hde32.c
  hde64.c
  hook.c
  trampoline.c
  Generando código
  Previous IPDB not found, fall back to full compilation.
  All 10900 functions were compiled because no usable IPDB/IOBJ from previous compilation was found.
  Generación de código finalizada
  Osiris.vcxproj -> C:\Users\javiw\Documents\GitHub\Horus\Release\Horus.dll
